-------------------------------------------------------------------------------
Test set: com.salk.lib.rabbitmq.spring.TulingvipRabbitmqSpringwithrabbitmqApplicationTests
-------------------------------------------------------------------------------
Tests run: 1, Failures: 0, Errors: 1, Skipped: 0, Time elapsed: 0.378 s <<< FAILURE! - in com.salk.lib.rabbitmq.spring.TulingvipRabbitmqSpringwithrabbitmqApplicationTests
com.salk.lib.rabbitmq.spring.TulingvipRabbitmqSpringwithrabbitmqApplicationTests  Time elapsed: 0.376 s  <<< ERROR!
java.lang.IllegalStateException: Unable to find a @SpringBootConfiguration, you need to use @ContextConfiguration or @SpringBootTest(classes=...) with your test

