<?xml version="1.0" encoding="UTF-8"?>
<testsuite xmlns:xsi="http://www.w3.org/2001/XMLSchema-instance" xsi:noNamespaceSchemaLocation="https://maven.apache.org/surefire/maven-surefire-plugin/xsd/surefire-test-report.xsd" name="com.salk.lib.rabbitmq.spring.TulingvipRabbitmqSpringwithrabbitmqApplicationTests" time="0.378" tests="1" errors="1" skipped="0" failures="0">
  <properties>
[...]
</properties>
  <testcase name="com.salk.lib.rabbitmq.spring.TulingvipRabbitmqSpringwithrabbitmqApplicationTests" classname="com.salk.lib.rabbitmq.spring.TulingvipRabbitmqSpringwithrabbitmqApplicationTests" time="0.376">
    <error message="Unable to find a @SpringBootConfiguration, you need to use @ContextConfiguration or @SpringBootTest(classes=...) with your test" type="java.lang.IllegalStateException">java.lang.IllegalStateException: Unable to find a @SpringBootConfiguration, you need to use @ContextConfiguration or @SpringBootTest(classes=...) with your test
</error>
    <system-out><![CDATA[13:46:57.746 [main] DEBUG org.springframework.test.context.BootstrapUtils - Instantiating CacheAwareContextLoaderDelegate from class [org.springframework.test.context.cache.DefaultCacheAwareContextLoaderDelegate]
13:46:57.769 [main] DEBUG org.springframework.test.context.BootstrapUtils - Instantiating BootstrapContext using constructor [public org.springframework.test.context.support.DefaultBootstrapContext(java.lang.Class,org.springframework.test.context.CacheAwareContextLoaderDelegate)]
13:46:57.817 [main] DEBUG org.springframework.test.context.BootstrapUtils - Instantiating TestContextBootstrapper for test class [com.salk.lib.rabbitmq.spring.TulingvipRabbitmqSpringwithrabbitmqApplicationTests] from class [org.springframework.boot.test.context.SpringBootTestContextBootstrapper]
13:46:57.834 [main] INFO org.springframework.boot.test.context.SpringBootTestContextBootstrapper - Neither @ContextConfiguration nor @ContextHierarchy found for test class [com.salk.lib.rabbitmq.spring.TulingvipRabbitmqSpringwithrabbitmqApplicationTests], using SpringBootContextLoader
13:46:57.839 [main] DEBUG org.springframework.test.context.support.AbstractContextLoader - Did not detect default resource location for test class [com.salk.lib.rabbitmq.spring.TulingvipRabbitmqSpringwithrabbitmqApplicationTests]: class path resource [com/salk/lib/rabbitmq/spring/TulingvipRabbitmqSpringwithrabbitmqApplicationTests-context.xml] does not exist
13:46:57.839 [main] DEBUG org.springframework.test.context.support.AbstractContextLoader - Did not detect default resource location for test class [com.salk.lib.rabbitmq.spring.TulingvipRabbitmqSpringwithrabbitmqApplicationTests]: class path resource [com/salk/lib/rabbitmq/spring/TulingvipRabbitmqSpringwithrabbitmqApplicationTestsContext.groovy] does not exist
13:46:57.841 [main] INFO org.springframework.test.context.support.AbstractContextLoader - Could not detect default resource locations for test class [com.salk.lib.rabbitmq.spring.TulingvipRabbitmqSpringwithrabbitmqApplicationTests]: no resource found for suffixes {-context.xml, Context.groovy}.
13:46:57.843 [main] INFO org.springframework.test.context.support.AnnotationConfigContextLoaderUtils - Could not detect default configuration classes for test class [com.salk.lib.rabbitmq.spring.TulingvipRabbitmqSpringwithrabbitmqApplicationTests]: TulingvipRabbitmqSpringwithrabbitmqApplicationTests does not declare any static, non-private, non-final, nested classes annotated with @Configuration.
13:46:57.921 [main] DEBUG org.springframework.test.context.support.ActiveProfilesUtils - Could not find an 'annotation declaring class' for annotation type [org.springframework.test.context.ActiveProfiles] and class [com.salk.lib.rabbitmq.spring.TulingvipRabbitmqSpringwithrabbitmqApplicationTests]
]]></system-out>
  </testcase>
</testsuite>